<?xml version="1.0" encoding="UTF-8"?>
<!-- Generated by org.testng.reporters.JUnitReportReporter -->
<testsuite hostname="DESKTOP-PCG1R3M" name="com.pagelibrery.com.ranfordhy.TestExecution" tests="4" failures="0" timestamp="11 Apr 2018 19:01:50 GMT" time="10.024" errors="0">
  <testcase name="Verifylogin" time="4.406" classname="com.pagelibrery.com.ranfordhy.TestExecution"/>
  <testcase name="Verifybranches" time="1.611" classname="com.pagelibrery.com.ranfordhy.TestExecution"/>
  <testcase name="Verifylogin" time="3.162" classname="com.pagelibrery.com.ranfordhy.TestExecution"/>
  <testcase name="Verifybranches" time="0.845" classname="com.pagelibrery.com.ranfordhy.TestExecution"/>
</testsuite> <!-- com.pagelibrery.com.ranfordhy.TestExecution -->
