<?xml version="1.0" encoding="UTF-8"?>
<!-- Generated by org.testng.reporters.JUnitReportReporter -->
<testsuite hostname="DESKTOP-PCG1R3M" name="com.pagelibrery.com.ranfordhy.TestExecution" tests="4" failures="0" timestamp="13 May 2018 15:03:47 GMT" time="10.699" errors="0">
  <testcase name="Verifylogin" time="5.875" classname="com.pagelibrery.com.ranfordhy.TestExecution"/>
  <testcase name="Verifybranches" time="1.369" classname="com.pagelibrery.com.ranfordhy.TestExecution"/>
  <testcase name="Verifylogin" time="2.618" classname="com.pagelibrery.com.ranfordhy.TestExecution"/>
  <testcase name="Verifybranches" time="0.837" classname="com.pagelibrery.com.ranfordhy.TestExecution"/>
</testsuite> <!-- com.pagelibrery.com.ranfordhy.TestExecution -->
